# JRE version: Java(TM) SE Runtime Environment (8.0_45-b15) (build 1.8.0_45-b15)
# Java VM: Java HotSpot(TM) 64-Bit Server VM (25.45-b02 mixed mode windows-amd64 compressed oops)
Heap:
 PSYoungGen      total 251904K, used 130347K [0x00000000eab00000, 0x00000000fc080000, 0x0000000100000000)
  eden space 234496K, 48% used [0x00000000eab00000,0x00000000f195ecc8,0x00000000f9000000)
  from space 17408K, 99% used [0x00000000faf80000,0x00000000fc06c100,0x00000000fc080000)
  to   space 22528K, 0% used [0x00000000f9480000,0x00000000f9480000,0x00000000faa80000)
 ParOldGen       total 74752K, used 39444K [0x00000000c0000000, 0x00000000c4900000, 0x00000000eab00000)
  object space 74752K, 52% used [0x00000000c0000000,0x00000000c26852e0,0x00000000c4900000)
 Metaspace       used 60650K, capacity 65020K, committed 65280K, reserved 1105920K
  class space    used 7818K, capacity 8399K, committed 8448K, reserved 1048576K
GC Heap History (10 events):
Event: 5145.358 GC heap before
{Heap before GC invocations=63 (full 17):
 PSYoungGen      total 274432K, used 5482K [0x00000000eab00000, 0x00000000fd180000, 0x0000000100000000)
  eden space 254464K, 0% used [0x00000000eab00000,0x00000000eab00000,0x00000000fa380000)
  from space 19968K, 27% used [0x00000000fbe00000,0x00000000fc35aa18,0x00000000fd180000)
  to   space 23552K, 0% used [0x00000000fa380000,0x00000000fa380000,0x00000000fba80000)
 ParOldGen       total 74752K, used 41793K [0x00000000c0000000, 0x00000000c4900000, 0x00000000eab00000)
  object space 74752K, 55% used [0x00000000c0000000,0x00000000c28d0628,0x00000000c4900000)
 Metaspace       used 59809K, capacity 63988K, committed 64128K, reserved 1105920K
  class space    used 7749K, capacity 8311K, committed 8320K, reserved 1048576K
Event: 5145.498 GC heap after
Heap after GC invocations=63 (full 17):
 PSYoungGen      total 274432K, used 0K [0x00000000eab00000, 0x00000000fd180000, 0x0000000100000000)
  eden space 254464K, 0% used [0x00000000eab00000,0x00000000eab00000,0x00000000fa380000)
  from space 19968K, 0% used [0x00000000fbe00000,0x00000000fbe00000,0x00000000fd180000)
  to   space 23552K, 0% used [0x00000000fa380000,0x00000000fa380000,0x00000000fba80000)
 ParOldGen       total 74752K, used 39420K [0x00000000c0000000, 0x00000000c4900000, 0x00000000eab00000)
  object space 74752K, 52% used [0x00000000c0000000,0x00000000c267f2e0,0x00000000c4900000)
 Metaspace       used 59809K, capacity 63988K, committed 64128K, reserved 1105920K
  class space    used 7749K, capacity 8311K, committed 8320K, reserved 1048576K
}
Event: 5184.567 GC heap before
{Heap before GC invocations=64 (full 17):
 PSYoungGen      total 274432K, used 254464K [0x00000000eab00000, 0x00000000fd180000, 0x0000000100000000)
  eden space 254464K, 100% used [0x00000000eab00000,0x00000000fa380000,0x00000000fa380000)
  from space 19968K, 0% used [0x00000000fbe00000,0x00000000fbe00000,0x00000000fd180000)
  to   space 23552K, 0% used [0x00000000fa380000,0x00000000fa380000,0x00000000fba80000)
 ParOldGen       total 74752K, used 39420K [0x00000000c0000000, 0x00000000c4900000, 0x00000000eab00000)
  object space 74752K, 52% used [0x00000000c0000000,0x00000000c267f2e0,0x00000000c4900000)
 Metaspace       used 59854K, capacity 64076K, committed 64128K, reserved 1105920K
  class space    used 7757K, capacity 8319K, committed 8320K, reserved 1048576K
Event: 5184.577 GC heap after
Heap after GC invocations=64 (full 17):
 PSYoungGen      total 278016K, used 14811K [0x00000000eab00000, 0x00000000fd380000, 0x0000000100000000)
  eden space 254464K, 0% used [0x00000000eab00000,0x00000000eab00000,0x00000000fa380000)
  from space 23552K, 62% used [0x00000000fa380000,0x00000000fb1f6da0,0x00000000fba80000)
  to   space 24064K, 0% used [0x00000000fbc00000,0x00000000fbc00000,0x00000000fd380000)
 ParOldGen       total 74752K, used 39428K [0x00000000c0000000, 0x00000000c4900000, 0x00000000eab00000)
  object space 74752K, 52% used [0x00000000c0000000,0x00000000c26812e0,0x00000000c4900000)
 Metaspace       used 59854K, capacity 64076K, committed 64128K, reserved 1105920K
  class space    used 7757K, capacity 8319K, committed 8320K, reserved 1048576K
}
Event: 5206.608 GC heap before
{Heap before GC invocations=65 (full 17):
 PSYoungGen      total 278016K, used 269275K [0x00000000eab00000, 0x00000000fd380000, 0x0000000100000000)
  eden space 254464K, 100% used [0x00000000eab00000,0x00000000fa380000,0x00000000fa380000)
  from space 23552K, 62% used [0x00000000fa380000,0x00000000fb1f6da0,0x00000000fba80000)
  to   space 24064K, 0% used [0x00000000fbc00000,0x00000000fbc00000,0x00000000fd380000)
 ParOldGen       total 74752K, used 39428K [0x00000000c0000000, 0x00000000c4900000, 0x00000000eab00000)
  object space 74752K, 52% used [0x00000000c0000000,0x00000000c26812e0,0x00000000c4900000)
 Metaspace       used 59935K, capacity 64228K, committed 64512K, reserved 1105920K
  class space    used 7765K, capacity 8327K, committed 8448K, reserved 1048576K
Event: 5206.619 GC heap after
Heap after GC invocations=65 (full 17):
 PSYoungGen      total 276480K, used 11523K [0x00000000eab00000, 0x00000000fd080000, 0x0000000100000000)
  eden space 255488K, 0% used [0x00000000eab00000,0x00000000eab00000,0x00000000fa480000)
  from space 20992K, 54% used [0x00000000fbc00000,0x00000000fc740ca8,0x00000000fd080000)
  to   space 22528K, 0% used [0x00000000fa480000,0x00000000fa480000,0x00000000fba80000)
 ParOldGen       total 74752K, used 39436K [0x00000000c0000000, 0x00000000c4900000, 0x00000000eab00000)
  object space 74752K, 52% used [0x00000000c0000000,0x00000000c26832e0,0x00000000c4900000)
 Metaspace       used 59935K, capacity 64228K, committed 64512K, reserved 1105920K
  class space    used 7765K, capacity 8327K, committed 8448K, reserved 1048576K
}
Event: 5656.531 GC heap before
{Heap before GC invocations=66 (full 17):
 PSYoungGen      total 276480K, used 267011K [0x00000000eab00000, 0x00000000fd080000, 0x0000000100000000)
  eden space 255488K, 100% used [0x00000000eab00000,0x00000000fa480000,0x00000000fa480000)
  from space 20992K, 54% used [0x00000000fbc00000,0x00000000fc740ca8,0x00000000fd080000)
  to   space 22528K, 0% used [0x00000000fa480000,0x00000000fa480000,0x00000000fba80000)
 ParOldGen       total 74752K, used 39436K [0x00000000c0000000, 0x00000000c4900000, 0x00000000eab00000)
  object space 74752K, 52% used [0x00000000c0000000,0x00000000c26832e0,0x00000000c4900000)
 Metaspace       used 60015K, capacity 64348K, committed 64512K, reserved 1105920K
  class space    used 7775K, capacity 8367K, committed 8448K, reserved 1048576K
Event: 5656.545 GC heap after
Heap after GC invocations=66 (full 17):
 PSYoungGen      total 256000K, used 11215K [0x00000000eab00000, 0x00000000fc400000, 0x0000000100000000)
  eden space 244736K, 0% used [0x00000000eab00000,0x00000000eab00000,0x00000000f9a00000)
  from space 11264K, 99% used [0x00000000fa480000,0x00000000faf73ea0,0x00000000faf80000)
  to   space 20992K, 0% used [0x00000000faf80000,0x00000000faf80000,0x00000000fc400000)
 ParOldGen       total 74752K, used 39444K [0x00000000c0000000, 0x00000000c4900000, 0x00000000eab00000)
  object space 74752K, 52% used [0x00000000c0000000,0x00000000c26852e0,0x00000000c4900000)
 Metaspace       used 60015K, capacity 64348K, committed 64512K, reserved 1105920K
  class space    used 7775K, capacity 8367K, committed 8448K, reserved 1048576K
}
Event: 5662.941 GC heap before
{Heap before GC invocations=67 (full 17):
 PSYoungGen      total 256000K, used 255951K [0x00000000eab00000, 0x00000000fc400000, 0x0000000100000000)
  eden space 244736K, 100% used [0x00000000eab00000,0x00000000f9a00000,0x00000000f9a00000)
  from space 11264K, 99% used [0x00000000fa480000,0x00000000faf73ea0,0x00000000faf80000)
  to   space 20992K, 0% used [0x00000000faf80000,0x00000000faf80000,0x00000000fc400000)
 ParOldGen       total 74752K, used 39444K [0x00000000c0000000, 0x00000000c4900000, 0x00000000eab00000)
  object space 74752K, 52% used [0x00000000c0000000,0x00000000c26852e0,0x00000000c4900000)
 Metaspace       used 60158K, capacity 64476K, committed 64768K, reserved 1105920K
  class space    used 7787K, capacity 8367K, committed 8448K, reserved 1048576K
Event: 5662.962 GC heap after
Heap after GC invocations=67 (full 17):
 PSYoungGen      total 251904K, used 17328K [0x00000000eab00000, 0x00000000fc080000, 0x0000000100000000)
  eden space 234496K, 0% used [0x00000000eab00000,0x00000000eab00000,0x00000000f9000000)
  from space 17408K, 99% used [0x00000000faf80000,0x00000000fc06c100,0x00000000fc080000)
  to   space 22528K, 0% used [0x00000000f9480000,0x00000000f9480000,0x00000000faa80000)
 ParOldGen       total 74752K, used 39444K [0x00000000c0000000, 0x00000000c4900000, 0x00000000eab00000)
  object space 74752K, 52% used [0x00000000c0000000,0x00000000c26852e0,0x00000000c4900000)
 Metaspace       used 60158K, capacity 64476K, committed 64768K, reserved 1105920K
  class space    used 7787K, capacity 8367K, committed 8448K, reserved 1048576K
}

